# $Id: menu.lst,v 1.14 2002/08/21 12:05:54 pavlovskii Exp $

title	The M”bius
kernel	/boot/kernel.exe
module	/boot/kernel.raw
module	/boot/system.pro
module	/boot/tty.drv
module	/boot/keyboard.drv
module	/boot/shell.exe
module	/boot/libsys.dll
module	/boot/libc.dll
module	/boot/fat.drv
module	/boot/iso9660.drv
module	/boot/fdc.drv
module	/boot/test.txt
module	/boot/ata.drv
#module	/boot/cmos.drv
module	/boot/video.drv
#module	/boot/ne2000.drv
#module	/boot/pci.drv
#module	/boot/ps2mouse.drv
# module	/boot/libiconv.dll
module	/boot/hello.exe
module	/boot/test.exe
#module	/boot/v86.com
#module	/boot/ndisasm.exe
#module	/boot/nasm.exe
module	/boot/vidtest.exe
module	/boot/mgl.dll
module	/boot/mgltest.exe
module	/boot/tetris.exe
module	/boot/gui.dll
module	/boot/guitest.exe
module	/boot/desktop.exe
module	/boot/lucsdm.ttf
module	/boot/sb.kll
module	/boot/sound.drv

title	Reinstall loader to hard disk
install	(hd0,0)/boot/grub/stage1 (hd0,0) (hd0,0)/boot/grub/stage2 (hd0,0)/menu.lst

title	Reinstall loader to floppy disk
install	(hd0,0)/boot/grub/stage1 (fd0) (fd0)/stage2 (fd0)/menu.lst
